<?xml version="1.0" encoding="UTF-8"?>
<testsuite name="com.stylefeng.guns.CinemaApplicationTests" time="0.03" tests="1" errors="1" skipped="0" failures="0">
  <properties>
[...]
</properties>
  <testcase name="initializationError" classname="com.stylefeng.guns.CinemaApplicationTests" time="0.03">
    <error message="Unable to find a @SpringBootConfiguration, you need to use @ContextConfiguration or @SpringBootTest(classes=...) with your test" type="java.lang.IllegalStateException"><![CDATA[java.lang.IllegalStateException: Unable to find a @SpringBootConfiguration, you need to use @ContextConfiguration or @SpringBootTest(classes=...) with your test
	at org.springframework.util.Assert.state(Assert.java:70)
	at org.springframework.boot.test.context.SpringBootTestContextBootstrapper.getOrFindConfigurationClasses(SpringBootTestContextBootstrapper.java:202)
	at org.springframework.boot.test.context.SpringBootTestContextBootstrapper.processMergedContextConfiguration(SpringBootTestContextBootstrapper.java:137)
	at org.springframework.test.context.support.AbstractTestContextBootstrapper.buildMergedContextConfiguration(AbstractTestContextBootstrapper.java:409)
	at org.springframework.test.context.support.AbstractTestContextBootstrapper.buildDefaultMergedContextConfiguration(AbstractTestContextBootstrapper.java:323)
	at org.springframework.test.context.support.AbstractTestContextBootstrapper.buildMergedContextConfiguration(AbstractTestContextBootstrapper.java:277)
	at org.springframework.test.context.support.AbstractTestContextBootstrapper.buildTestContext(AbstractTestContextBootstrapper.java:112)
	at org.springframework.boot.test.context.SpringBootTestContextBootstrapper.buildTestContext(SpringBootTestContextBootstrapper.java:82)
	at org.springframework.test.context.TestContextManager.<init>(TestContextManager.java:120)
	at org.springframework.test.context.TestContextManager.<init>(TestContextManager.java:105)
	at org.springframework.test.context.junit4.SpringJUnit4ClassRunner.createTestContextManager(SpringJUnit4ClassRunner.java:152)
	at org.springframework.test.context.junit4.SpringJUnit4ClassRunner.<init>(SpringJUnit4ClassRunner.java:143)
	at org.springframework.test.context.junit4.SpringRunner.<init>(SpringRunner.java:49)
	at sun.reflect.NativeConstructorAccessorImpl.newInstance0(Native Method)
	at sun.reflect.NativeConstructorAccessorImpl.newInstance(NativeConstructorAccessorImpl.java:62)
	at sun.reflect.DelegatingConstructorAccessorImpl.newInstance(DelegatingConstructorAccessorImpl.java:45)
	at java.lang.reflect.Constructor.newInstance(Constructor.java:423)
	at org.junit.internal.builders.AnnotatedBuilder.buildRunner(AnnotatedBuilder.java:104)
	at org.junit.internal.builders.AnnotatedBuilder.runnerForClass(AnnotatedBuilder.java:86)
	at org.junit.runners.model.RunnerBuilder.safeRunnerForClass(RunnerBuilder.java:59)
	at org.junit.internal.builders.AllDefaultPossibilitiesBuilder.runnerForClass(AllDefaultPossibilitiesBuilder.java:26)
	at org.junit.runners.model.RunnerBuilder.safeRunnerForClass(RunnerBuilder.java:59)
	at org.junit.internal.requests.ClassRequest.getRunner(ClassRequest.java:33)
	at org.apache.maven.surefire.junit4.JUnit4Provider.execute(JUnit4Provider.java:283)
	at org.apache.maven.surefire.junit4.JUnit4Provider.executeWithRerun(JUnit4Provider.java:173)
	at org.apache.maven.surefire.junit4.JUnit4Provider.executeTestSet(JUnit4Provider.java:153)
	at org.apache.maven.surefire.junit4.JUnit4Provider.invoke(JUnit4Provider.java:128)
	at org.apache.maven.surefire.booter.ForkedBooter.invokeProviderInSameClassLoader(ForkedBooter.java:203)
	at org.apache.maven.surefire.booter.ForkedBooter.runSuitesInProcess(ForkedBooter.java:155)
	at org.apache.maven.surefire.booter.ForkedBooter.main(ForkedBooter.java:103)
]]></error>
    <system-out><![CDATA[11:03:23.267 [main] DEBUG org.springframework.test.context.junit4.SpringJUnit4ClassRunner - SpringJUnit4ClassRunner constructor called with [class com.stylefeng.guns.CinemaApplicationTests]
11:03:23.284 [main] DEBUG org.springframework.test.context.BootstrapUtils - Instantiating CacheAwareContextLoaderDelegate from class [org.springframework.test.context.cache.DefaultCacheAwareContextLoaderDelegate]
11:03:23.333 [main] DEBUG org.springframework.test.context.BootstrapUtils - Instantiating BootstrapContext using constructor [public org.springframework.test.context.support.DefaultBootstrapContext(java.lang.Class,org.springframework.test.context.CacheAwareContextLoaderDelegate)]
11:03:23.379 [main] DEBUG org.springframework.test.context.BootstrapUtils - Instantiating TestContextBootstrapper for test class [com.stylefeng.guns.CinemaApplicationTests] from class [org.springframework.boot.test.context.SpringBootTestContextBootstrapper]
11:03:23.421 [main] INFO org.springframework.boot.test.context.SpringBootTestContextBootstrapper - Neither @ContextConfiguration nor @ContextHierarchy found for test class [com.stylefeng.guns.CinemaApplicationTests], using SpringBootContextLoader
11:03:23.434 [main] DEBUG org.springframework.test.context.support.AbstractContextLoader - Did not detect default resource location for test class [com.stylefeng.guns.CinemaApplicationTests]: class path resource [com/stylefeng/guns/CinemaApplicationTests-context.xml] does not exist
11:03:23.435 [main] DEBUG org.springframework.test.context.support.AbstractContextLoader - Did not detect default resource location for test class [com.stylefeng.guns.CinemaApplicationTests]: class path resource [com/stylefeng/guns/CinemaApplicationTestsContext.groovy] does not exist
11:03:23.436 [main] INFO org.springframework.test.context.support.AbstractContextLoader - Could not detect default resource locations for test class [com.stylefeng.guns.CinemaApplicationTests]: no resource found for suffixes {-context.xml, Context.groovy}.
11:03:23.440 [main] INFO org.springframework.test.context.support.AnnotationConfigContextLoaderUtils - Could not detect default configuration classes for test class [com.stylefeng.guns.CinemaApplicationTests]: CinemaApplicationTests does not declare any static, non-private, non-final, nested classes annotated with @Configuration.
11:03:23.686 [main] DEBUG org.springframework.test.context.support.ActiveProfilesUtils - Could not find an 'annotation declaring class' for annotation type [org.springframework.test.context.ActiveProfiles] and class [com.stylefeng.guns.CinemaApplicationTests]
11:03:23.721 [main] DEBUG org.springframework.core.env.StandardEnvironment - Adding [systemProperties] PropertySource with lowest search precedence
11:03:23.728 [main] DEBUG org.springframework.core.env.StandardEnvironment - Adding [systemEnvironment] PropertySource with lowest search precedence
11:03:23.729 [main] DEBUG org.springframework.core.env.StandardEnvironment - Initialized StandardEnvironment with PropertySources [systemProperties,systemEnvironment]
11:03:23.810 [main] DEBUG org.springframework.core.io.support.PathMatchingResourcePatternResolver - Resolved classpath location [com/stylefeng/guns/] to resources [URL [file:/D:/guns/guns-cinema/target/test-classes/com/stylefeng/guns/], URL [file:/D:/guns/guns-cinema/target/classes/com/stylefeng/guns/], URL [jar:file:/C:/Users/Administrator/.m2/repository/com/stylefeng/guns-core/1.0.0-SNAPSHOT/guns-core-1.0.0-SNAPSHOT.jar!/com/stylefeng/guns/], URL [jar:file:/C:/Users/Administrator/.m2/repository/com/stylefeng/guns-api/1.0.0-SNAPSHOT/guns-api-1.0.0-SNAPSHOT.jar!/com/stylefeng/guns/]]
11:03:23.811 [main] DEBUG org.springframework.core.io.support.PathMatchingResourcePatternResolver - Looking for matching resources in directory tree [D:\guns\guns-cinema\target\test-classes\com\stylefeng\guns]
11:03:23.812 [main] DEBUG org.springframework.core.io.support.PathMatchingResourcePatternResolver - Searching directory [D:\guns\guns-cinema\target\test-classes\com\stylefeng\guns] for files matching pattern [D:/guns/guns-cinema/target/test-classes/com/stylefeng/guns/*.class]
11:03:23.830 [main] DEBUG org.springframework.core.io.support.PathMatchingResourcePatternResolver - Looking for matching resources in directory tree [D:\guns\guns-cinema\target\classes\com\stylefeng\guns]
11:03:23.831 [main] DEBUG org.springframework.core.io.support.PathMatchingResourcePatternResolver - Searching directory [D:\guns\guns-cinema\target\classes\com\stylefeng\guns] for files matching pattern [D:/guns/guns-cinema/target/classes/com/stylefeng/guns/*.class]
11:03:23.835 [main] DEBUG org.springframework.core.io.support.PathMatchingResourcePatternResolver - Looking for matching resources in jar file [file:/C:/Users/Administrator/.m2/repository/com/stylefeng/guns-core/1.0.0-SNAPSHOT/guns-core-1.0.0-SNAPSHOT.jar]
11:03:23.845 [main] DEBUG org.springframework.core.io.support.PathMatchingResourcePatternResolver - Looking for matching resources in jar file [file:/C:/Users/Administrator/.m2/repository/com/stylefeng/guns-api/1.0.0-SNAPSHOT/guns-api-1.0.0-SNAPSHOT.jar]
11:03:23.847 [main] DEBUG org.springframework.core.io.support.PathMatchingResourcePatternResolver - Resolved location pattern [classpath*:com/stylefeng/guns/*.class] to resources [file [D:\guns\guns-cinema\target\test-classes\com\stylefeng\guns\CinemaApplicationTests.class]]
11:03:23.925 [main] DEBUG org.springframework.core.io.support.PathMatchingResourcePatternResolver - Resolved classpath location [com/stylefeng/] to resources [URL [file:/D:/guns/guns-cinema/target/test-classes/com/stylefeng/], URL [file:/D:/guns/guns-cinema/target/classes/com/stylefeng/], URL [jar:file:/C:/Users/Administrator/.m2/repository/com/stylefeng/guns-core/1.0.0-SNAPSHOT/guns-core-1.0.0-SNAPSHOT.jar!/com/stylefeng/], URL [jar:file:/C:/Users/Administrator/.m2/repository/com/stylefeng/guns-api/1.0.0-SNAPSHOT/guns-api-1.0.0-SNAPSHOT.jar!/com/stylefeng/]]
11:03:23.926 [main] DEBUG org.springframework.core.io.support.PathMatchingResourcePatternResolver - Looking for matching resources in directory tree [D:\guns\guns-cinema\target\test-classes\com\stylefeng]
11:03:23.928 [main] DEBUG org.springframework.core.io.support.PathMatchingResourcePatternResolver - Searching directory [D:\guns\guns-cinema\target\test-classes\com\stylefeng] for files matching pattern [D:/guns/guns-cinema/target/test-classes/com/stylefeng/*.class]
11:03:23.931 [main] DEBUG org.springframework.core.io.support.PathMatchingResourcePatternResolver - Looking for matching resources in directory tree [D:\guns\guns-cinema\target\classes\com\stylefeng]
11:03:23.932 [main] DEBUG org.springframework.core.io.support.PathMatchingResourcePatternResolver - Searching directory [D:\guns\guns-cinema\target\classes\com\stylefeng] for files matching pattern [D:/guns/guns-cinema/target/classes/com/stylefeng/*.class]
11:03:23.933 [main] DEBUG org.springframework.core.io.support.PathMatchingResourcePatternResolver - Looking for matching resources in jar file [file:/C:/Users/Administrator/.m2/repository/com/stylefeng/guns-core/1.0.0-SNAPSHOT/guns-core-1.0.0-SNAPSHOT.jar]
11:03:23.940 [main] DEBUG org.springframework.core.io.support.PathMatchingResourcePatternResolver - Looking for matching resources in jar file [file:/C:/Users/Administrator/.m2/repository/com/stylefeng/guns-api/1.0.0-SNAPSHOT/guns-api-1.0.0-SNAPSHOT.jar]
11:03:23.942 [main] DEBUG org.springframework.core.io.support.PathMatchingResourcePatternResolver - Resolved location pattern [classpath*:com/stylefeng/*.class] to resources []
11:03:23.952 [main] DEBUG org.springframework.core.io.support.PathMatchingResourcePatternResolver - Resolved classpath location [com/] to resources [URL [jar:file:/D:/develop/Java/jdk1.8.0_152/jre/lib/ext/jfxrt.jar!/com/], URL [file:/D:/guns/guns-cinema/target/test-classes/com/], URL [file:/D:/guns/guns-cinema/target/classes/com/], URL [jar:file:/C:/Users/Administrator/.m2/repository/com/fasterxml/classmate/1.3.3/classmate-1.3.3.jar!/com/], URL [jar:file:/C:/Users/Administrator/.m2/repository/com/fasterxml/jackson/core/jackson-databind/2.8.8/jackson-databind-2.8.8.jar!/com/], URL [jar:file:/C:/Users/Administrator/.m2/repository/com/fasterxml/jackson/core/jackson-annotations/2.8.0/jackson-annotations-2.8.0.jar!/com/], URL [jar:file:/C:/Users/Administrator/.m2/repository/com/fasterxml/jackson/core/jackson-core/2.8.8/jackson-core-2.8.8.jar!/com/], URL [jar:file:/C:/Users/Administrator/.m2/repository/com/alibaba/spring/boot/dubbo-spring-boot-starter/2.0.0/dubbo-spring-boot-starter-2.0.0.jar!/com/], URL [jar:file:/C:/Users/Administrator/.m2/repository/com/alibaba/dubbo/2.6.0/dubbo-2.6.0.jar!/com/], URL [jar:file:/C:/Users/Administrator/.m2/repository/com/jayway/jsonpath/json-path/2.2.0/json-path-2.2.0.jar!/com/], URL [jar:file:/C:/Users/Administrator/.m2/repository/com/stylefeng/guns-core/1.0.0-SNAPSHOT/guns-core-1.0.0-SNAPSHOT.jar!/com/], URL [jar:file:/C:/Users/Administrator/.m2/repository/com/baomidou/mybatisplus-spring-boot-starter/1.0.4/mybatisplus-spring-boot-starter-1.0.4.jar!/com/], URL [jar:file:/C:/Users/Administrator/.m2/repository/com/baomidou/mybatis-plus/2.1.0/mybatis-plus-2.1.0.jar!/com/], URL [jar:file:/C:/Users/Administrator/.m2/repository/mysql/mysql-connector-java/5.1.38/mysql-connector-java-5.1.38.jar!/com/], URL [jar:file:/C:/Users/Administrator/.m2/repository/com/alibaba/druid/1.0.28/druid-1.0.28.jar!/com/], URL [jar:file:/C:/Users/Administrator/.m2/repository/com/alibaba/fastjson/1.2.41/fastjson-1.2.41.jar!/com/], URL [jar:file:/C:/Users/Administrator/.m2/repository/com/stylefeng/guns-api/1.0.0-SNAPSHOT/guns-api-1.0.0-SNAPSHOT.jar!/com/], URL [jar:file:/C:/Users/Administrator/.m2/repository/org/projectlombok/lombok/1.18.0/lombok-1.18.0.jar!/com/]]
11:03:23.957 [main] DEBUG org.springframework.core.io.support.PathMatchingResourcePatternResolver - Looking for matching resources in jar file [file:/D:/develop/Java/jdk1.8.0_152/jre/lib/ext/jfxrt.jar]
11:03:24.150 [main] DEBUG org.springframework.core.io.support.PathMatchingResourcePatternResolver - Looking for matching resources in directory tree [D:\guns\guns-cinema\target\test-classes\com]
11:03:24.152 [main] DEBUG org.springframework.core.io.support.PathMatchingResourcePatternResolver - Searching directory [D:\guns\guns-cinema\target\test-classes\com] for files matching pattern [D:/guns/guns-cinema/target/test-classes/com/*.class]
11:03:24.158 [main] DEBUG org.springframework.core.io.support.PathMatchingResourcePatternResolver - Looking for matching resources in directory tree [D:\guns\guns-cinema\target\classes\com]
11:03:24.158 [main] DEBUG org.springframework.core.io.support.PathMatchingResourcePatternResolver - Searching directory [D:\guns\guns-cinema\target\classes\com] for files matching pattern [D:/guns/guns-cinema/target/classes/com/*.class]
11:03:24.159 [main] DEBUG org.springframework.core.io.support.PathMatchingResourcePatternResolver - Looking for matching resources in jar file [file:/C:/Users/Administrator/.m2/repository/com/fasterxml/classmate/1.3.3/classmate-1.3.3.jar]
11:03:24.160 [main] DEBUG org.springframework.core.io.support.PathMatchingResourcePatternResolver - Looking for matching resources in jar file [file:/C:/Users/Administrator/.m2/repository/com/fasterxml/jackson/core/jackson-databind/2.8.8/jackson-databind-2.8.8.jar]
11:03:24.171 [main] DEBUG org.springframework.core.io.support.PathMatchingResourcePatternResolver - Looking for matching resources in jar file [file:/C:/Users/Administrator/.m2/repository/com/fasterxml/jackson/core/jackson-annotations/2.8.0/jackson-annotations-2.8.0.jar]
11:03:24.173 [main] DEBUG org.springframework.core.io.support.PathMatchingResourcePatternResolver - Looking for matching resources in jar file [file:/C:/Users/Administrator/.m2/repository/com/fasterxml/jackson/core/jackson-core/2.8.8/jackson-core-2.8.8.jar]
11:03:24.179 [main] DEBUG org.springframework.core.io.support.PathMatchingResourcePatternResolver - Looking for matching resources in jar file [file:/C:/Users/Administrator/.m2/repository/com/alibaba/spring/boot/dubbo-spring-boot-starter/2.0.0/dubbo-spring-boot-starter-2.0.0.jar]
11:03:24.181 [main] DEBUG org.springframework.core.io.support.PathMatchingResourcePatternResolver - Looking for matching resources in jar file [file:/C:/Users/Administrator/.m2/repository/com/alibaba/dubbo/2.6.0/dubbo-2.6.0.jar]
11:03:24.201 [main] DEBUG org.springframework.core.io.support.PathMatchingResourcePatternResolver - Looking for matching resources in jar file [file:/C:/Users/Administrator/.m2/repository/com/jayway/jsonpath/json-path/2.2.0/json-path-2.2.0.jar]
11:03:24.205 [main] DEBUG org.springframework.core.io.support.PathMatchingResourcePatternResolver - Looking for matching resources in jar file [file:/C:/Users/Administrator/.m2/repository/com/stylefeng/guns-core/1.0.0-SNAPSHOT/guns-core-1.0.0-SNAPSHOT.jar]
11:03:24.207 [main] DEBUG org.springframework.core.io.support.PathMatchingResourcePatternResolver - Looking for matching resources in jar file [file:/C:/Users/Administrator/.m2/repository/com/baomidou/mybatisplus-spring-boot-starter/1.0.4/mybatisplus-spring-boot-starter-1.0.4.jar]
11:03:24.209 [main] DEBUG org.springframework.core.io.support.PathMatchingResourcePatternResolver - Looking for matching resources in jar file [file:/C:/Users/Administrator/.m2/repository/com/baomidou/mybatis-plus/2.1.0/mybatis-plus-2.1.0.jar]
11:03:24.211 [main] DEBUG org.springframework.core.io.support.PathMatchingResourcePatternResolver - Looking for matching resources in jar file [file:/C:/Users/Administrator/.m2/repository/mysql/mysql-connector-java/5.1.38/mysql-connector-java-5.1.38.jar]
11:03:24.213 [main] DEBUG org.springframework.core.io.support.PathMatchingResourcePatternResolver - Looking for matching resources in jar file [file:/C:/Users/Administrator/.m2/repository/com/alibaba/druid/1.0.28/druid-1.0.28.jar]
11:03:24.229 [main] DEBUG org.springframework.core.io.support.PathMatchingResourcePatternResolver - Looking for matching resources in jar file [file:/C:/Users/Administrator/.m2/repository/com/alibaba/fastjson/1.2.41/fastjson-1.2.41.jar]
11:03:24.233 [main] DEBUG org.springframework.core.io.support.PathMatchingResourcePatternResolver - Looking for matching resources in jar file [file:/C:/Users/Administrator/.m2/repository/com/stylefeng/guns-api/1.0.0-SNAPSHOT/guns-api-1.0.0-SNAPSHOT.jar]
11:03:24.235 [main] DEBUG org.springframework.core.io.support.PathMatchingResourcePatternResolver - Looking for matching resources in jar file [file:/C:/Users/Administrator/.m2/repository/org/projectlombok/lombok/1.18.0/lombok-1.18.0.jar]
11:03:24.238 [main] DEBUG org.springframework.core.io.support.PathMatchingResourcePatternResolver - Resolved location pattern [classpath*:com/*.class] to resources []
11:03:24.278 [main] DEBUG org.springframework.test.context.junit4.SpringJUnit4ClassRunner - SpringJUnit4ClassRunner constructor called with [class com.stylefeng.guns.CinemaApplicationTests]
11:03:24.279 [main] DEBUG org.springframework.test.context.BootstrapUtils - Instantiating CacheAwareContextLoaderDelegate from class [org.springframework.test.context.cache.DefaultCacheAwareContextLoaderDelegate]
11:03:24.279 [main] DEBUG org.springframework.test.context.BootstrapUtils - Instantiating BootstrapContext using constructor [public org.springframework.test.context.support.DefaultBootstrapContext(java.lang.Class,org.springframework.test.context.CacheAwareContextLoaderDelegate)]
11:03:24.282 [main] DEBUG org.springframework.test.context.BootstrapUtils - Instantiating TestContextBootstrapper for test class [com.stylefeng.guns.CinemaApplicationTests] from class [org.springframework.boot.test.context.SpringBootTestContextBootstrapper]
11:03:24.284 [main] INFO org.springframework.boot.test.context.SpringBootTestContextBootstrapper - Neither @ContextConfiguration nor @ContextHierarchy found for test class [com.stylefeng.guns.CinemaApplicationTests], using SpringBootContextLoader
11:03:24.286 [main] DEBUG org.springframework.test.context.support.AbstractContextLoader - Did not detect default resource location for test class [com.stylefeng.guns.CinemaApplicationTests]: class path resource [com/stylefeng/guns/CinemaApplicationTests-context.xml] does not exist
11:03:24.289 [main] DEBUG org.springframework.test.context.support.AbstractContextLoader - Did not detect default resource location for test class [com.stylefeng.guns.CinemaApplicationTests]: class path resource [com/stylefeng/guns/CinemaApplicationTestsContext.groovy] does not exist
11:03:24.290 [main] INFO org.springframework.test.context.support.AbstractContextLoader - Could not detect default resource locations for test class [com.stylefeng.guns.CinemaApplicationTests]: no resource found for suffixes {-context.xml, Context.groovy}.
11:03:24.292 [main] INFO org.springframework.test.context.support.AnnotationConfigContextLoaderUtils - Could not detect default configuration classes for test class [com.stylefeng.guns.CinemaApplicationTests]: CinemaApplicationTests does not declare any static, non-private, non-final, nested classes annotated with @Configuration.
11:03:24.335 [main] DEBUG org.springframework.test.context.support.ActiveProfilesUtils - Could not find an 'annotation declaring class' for annotation type [org.springframework.test.context.ActiveProfiles] and class [com.stylefeng.guns.CinemaApplicationTests]
11:03:24.340 [main] DEBUG org.springframework.core.env.StandardEnvironment - Adding [systemProperties] PropertySource with lowest search precedence
11:03:24.340 [main] DEBUG org.springframework.core.env.StandardEnvironment - Adding [systemEnvironment] PropertySource with lowest search precedence
11:03:24.344 [main] DEBUG org.springframework.core.env.StandardEnvironment - Initialized StandardEnvironment with PropertySources [systemProperties,systemEnvironment]
11:03:24.347 [main] DEBUG org.springframework.core.io.support.PathMatchingResourcePatternResolver - Resolved classpath location [com/stylefeng/guns/] to resources [URL [file:/D:/guns/guns-cinema/target/test-classes/com/stylefeng/guns/], URL [file:/D:/guns/guns-cinema/target/classes/com/stylefeng/guns/], URL [jar:file:/C:/Users/Administrator/.m2/repository/com/stylefeng/guns-core/1.0.0-SNAPSHOT/guns-core-1.0.0-SNAPSHOT.jar!/com/stylefeng/guns/], URL [jar:file:/C:/Users/Administrator/.m2/repository/com/stylefeng/guns-api/1.0.0-SNAPSHOT/guns-api-1.0.0-SNAPSHOT.jar!/com/stylefeng/guns/]]
11:03:24.350 [main] DEBUG org.springframework.core.io.support.PathMatchingResourcePatternResolver - Looking for matching resources in directory tree [D:\guns\guns-cinema\target\test-classes\com\stylefeng\guns]
11:03:24.354 [main] DEBUG org.springframework.core.io.support.PathMatchingResourcePatternResolver - Searching directory [D:\guns\guns-cinema\target\test-classes\com\stylefeng\guns] for files matching pattern [D:/guns/guns-cinema/target/test-classes/com/stylefeng/guns/*.class]
11:03:24.358 [main] DEBUG org.springframework.core.io.support.PathMatchingResourcePatternResolver - Looking for matching resources in directory tree [D:\guns\guns-cinema\target\classes\com\stylefeng\guns]
11:03:24.358 [main] DEBUG org.springframework.core.io.support.PathMatchingResourcePatternResolver - Searching directory [D:\guns\guns-cinema\target\classes\com\stylefeng\guns] for files matching pattern [D:/guns/guns-cinema/target/classes/com/stylefeng/guns/*.class]
11:03:24.359 [main] DEBUG org.springframework.core.io.support.PathMatchingResourcePatternResolver - Looking for matching resources in jar file [file:/C:/Users/Administrator/.m2/repository/com/stylefeng/guns-core/1.0.0-SNAPSHOT/guns-core-1.0.0-SNAPSHOT.jar]
11:03:24.377 [main] DEBUG org.springframework.core.io.support.PathMatchingResourcePatternResolver - Looking for matching resources in jar file [file:/C:/Users/Administrator/.m2/repository/com/stylefeng/guns-api/1.0.0-SNAPSHOT/guns-api-1.0.0-SNAPSHOT.jar]
11:03:24.378 [main] DEBUG org.springframework.core.io.support.PathMatchingResourcePatternResolver - Resolved location pattern [classpath*:com/stylefeng/guns/*.class] to resources [file [D:\guns\guns-cinema\target\test-classes\com\stylefeng\guns\CinemaApplicationTests.class]]
11:03:24.384 [main] DEBUG org.springframework.core.io.support.PathMatchingResourcePatternResolver - Resolved classpath location [com/stylefeng/] to resources [URL [file:/D:/guns/guns-cinema/target/test-classes/com/stylefeng/], URL [file:/D:/guns/guns-cinema/target/classes/com/stylefeng/], URL [jar:file:/C:/Users/Administrator/.m2/repository/com/stylefeng/guns-core/1.0.0-SNAPSHOT/guns-core-1.0.0-SNAPSHOT.jar!/com/stylefeng/], URL [jar:file:/C:/Users/Administrator/.m2/repository/com/stylefeng/guns-api/1.0.0-SNAPSHOT/guns-api-1.0.0-SNAPSHOT.jar!/com/stylefeng/]]
11:03:24.384 [main] DEBUG org.springframework.core.io.support.PathMatchingResourcePatternResolver - Looking for matching resources in directory tree [D:\guns\guns-cinema\target\test-classes\com\stylefeng]
11:03:24.385 [main] DEBUG org.springframework.core.io.support.PathMatchingResourcePatternResolver - Searching directory [D:\guns\guns-cinema\target\test-classes\com\stylefeng] for files matching pattern [D:/guns/guns-cinema/target/test-classes/com/stylefeng/*.class]
11:03:24.387 [main] DEBUG org.springframework.core.io.support.PathMatchingResourcePatternResolver - Looking for matching resources in directory tree [D:\guns\guns-cinema\target\classes\com\stylefeng]
11:03:24.388 [main] DEBUG org.springframework.core.io.support.PathMatchingResourcePatternResolver - Searching directory [D:\guns\guns-cinema\target\classes\com\stylefeng] for files matching pattern [D:/guns/guns-cinema/target/classes/com/stylefeng/*.class]
11:03:24.389 [main] DEBUG org.springframework.core.io.support.PathMatchingResourcePatternResolver - Looking for matching resources in jar file [file:/C:/Users/Administrator/.m2/repository/com/stylefeng/guns-core/1.0.0-SNAPSHOT/guns-core-1.0.0-SNAPSHOT.jar]
11:03:24.391 [main] DEBUG org.springframework.core.io.support.PathMatchingResourcePatternResolver - Looking for matching resources in jar file [file:/C:/Users/Administrator/.m2/repository/com/stylefeng/guns-api/1.0.0-SNAPSHOT/guns-api-1.0.0-SNAPSHOT.jar]
11:03:24.391 [main] DEBUG org.springframework.core.io.support.PathMatchingResourcePatternResolver - Resolved location pattern [classpath*:com/stylefeng/*.class] to resources []
11:03:24.395 [main] DEBUG org.springframework.core.io.support.PathMatchingResourcePatternResolver - Resolved classpath location [com/] to resources [URL [jar:file:/D:/develop/Java/jdk1.8.0_152/jre/lib/ext/jfxrt.jar!/com/], URL [file:/D:/guns/guns-cinema/target/test-classes/com/], URL [file:/D:/guns/guns-cinema/target/classes/com/], URL [jar:file:/C:/Users/Administrator/.m2/repository/com/fasterxml/classmate/1.3.3/classmate-1.3.3.jar!/com/], URL [jar:file:/C:/Users/Administrator/.m2/repository/com/fasterxml/jackson/core/jackson-databind/2.8.8/jackson-databind-2.8.8.jar!/com/], URL [jar:file:/C:/Users/Administrator/.m2/repository/com/fasterxml/jackson/core/jackson-annotations/2.8.0/jackson-annotations-2.8.0.jar!/com/], URL [jar:file:/C:/Users/Administrator/.m2/repository/com/fasterxml/jackson/core/jackson-core/2.8.8/jackson-core-2.8.8.jar!/com/], URL [jar:file:/C:/Users/Administrator/.m2/repository/com/alibaba/spring/boot/dubbo-spring-boot-starter/2.0.0/dubbo-spring-boot-starter-2.0.0.jar!/com/], URL [jar:file:/C:/Users/Administrator/.m2/repository/com/alibaba/dubbo/2.6.0/dubbo-2.6.0.jar!/com/], URL [jar:file:/C:/Users/Administrator/.m2/repository/com/jayway/jsonpath/json-path/2.2.0/json-path-2.2.0.jar!/com/], URL [jar:file:/C:/Users/Administrator/.m2/repository/com/stylefeng/guns-core/1.0.0-SNAPSHOT/guns-core-1.0.0-SNAPSHOT.jar!/com/], URL [jar:file:/C:/Users/Administrator/.m2/repository/com/baomidou/mybatisplus-spring-boot-starter/1.0.4/mybatisplus-spring-boot-starter-1.0.4.jar!/com/], URL [jar:file:/C:/Users/Administrator/.m2/repository/com/baomidou/mybatis-plus/2.1.0/mybatis-plus-2.1.0.jar!/com/], URL [jar:file:/C:/Users/Administrator/.m2/repository/mysql/mysql-connector-java/5.1.38/mysql-connector-java-5.1.38.jar!/com/], URL [jar:file:/C:/Users/Administrator/.m2/repository/com/alibaba/druid/1.0.28/druid-1.0.28.jar!/com/], URL [jar:file:/C:/Users/Administrator/.m2/repository/com/alibaba/fastjson/1.2.41/fastjson-1.2.41.jar!/com/], URL [jar:file:/C:/Users/Administrator/.m2/repository/com/stylefeng/guns-api/1.0.0-SNAPSHOT/guns-api-1.0.0-SNAPSHOT.jar!/com/], URL [jar:file:/C:/Users/Administrator/.m2/repository/org/projectlombok/lombok/1.18.0/lombok-1.18.0.jar!/com/]]
11:03:24.419 [main] DEBUG org.springframework.core.io.support.PathMatchingResourcePatternResolver - Looking for matching resources in jar file [file:/D:/develop/Java/jdk1.8.0_152/jre/lib/ext/jfxrt.jar]
11:03:24.459 [main] DEBUG org.springframework.core.io.support.PathMatchingResourcePatternResolver - Looking for matching resources in directory tree [D:\guns\guns-cinema\target\test-classes\com]
11:03:24.460 [main] DEBUG org.springframework.core.io.support.PathMatchingResourcePatternResolver - Searching directory [D:\guns\guns-cinema\target\test-classes\com] for files matching pattern [D:/guns/guns-cinema/target/test-classes/com/*.class]
11:03:24.464 [main] DEBUG org.springframework.core.io.support.PathMatchingResourcePatternResolver - Looking for matching resources in directory tree [D:\guns\guns-cinema\target\classes\com]
11:03:24.465 [main] DEBUG org.springframework.core.io.support.PathMatchingResourcePatternResolver - Searching directory [D:\guns\guns-cinema\target\classes\com] for files matching pattern [D:/guns/guns-cinema/target/classes/com/*.class]
11:03:24.467 [main] DEBUG org.springframework.core.io.support.PathMatchingResourcePatternResolver - Looking for matching resources in jar file [file:/C:/Users/Administrator/.m2/repository/com/fasterxml/classmate/1.3.3/classmate-1.3.3.jar]
11:03:24.468 [main] DEBUG org.springframework.core.io.support.PathMatchingResourcePatternResolver - Looking for matching resources in jar file [file:/C:/Users/Administrator/.m2/repository/com/fasterxml/jackson/core/jackson-databind/2.8.8/jackson-databind-2.8.8.jar]
11:03:24.480 [main] DEBUG org.springframework.core.io.support.PathMatchingResourcePatternResolver - Looking for matching resources in jar file [file:/C:/Users/Administrator/.m2/repository/com/fasterxml/jackson/core/jackson-annotations/2.8.0/jackson-annotations-2.8.0.jar]
11:03:24.481 [main] DEBUG org.springframework.core.io.support.PathMatchingResourcePatternResolver - Looking for matching resources in jar file [file:/C:/Users/Administrator/.m2/repository/com/fasterxml/jackson/core/jackson-core/2.8.8/jackson-core-2.8.8.jar]
11:03:24.482 [main] DEBUG org.springframework.core.io.support.PathMatchingResourcePatternResolver - Looking for matching resources in jar file [file:/C:/Users/Administrator/.m2/repository/com/alibaba/spring/boot/dubbo-spring-boot-starter/2.0.0/dubbo-spring-boot-starter-2.0.0.jar]
11:03:24.485 [main] DEBUG org.springframework.core.io.support.PathMatchingResourcePatternResolver - Looking for matching resources in jar file [file:/C:/Users/Administrator/.m2/repository/com/alibaba/dubbo/2.6.0/dubbo-2.6.0.jar]
11:03:24.497 [main] DEBUG org.springframework.core.io.support.PathMatchingResourcePatternResolver - Looking for matching resources in jar file [file:/C:/Users/Administrator/.m2/repository/com/jayway/jsonpath/json-path/2.2.0/json-path-2.2.0.jar]
11:03:24.499 [main] DEBUG org.springframework.core.io.support.PathMatchingResourcePatternResolver - Looking for matching resources in jar file [file:/C:/Users/Administrator/.m2/repository/com/stylefeng/guns-core/1.0.0-SNAPSHOT/guns-core-1.0.0-SNAPSHOT.jar]
11:03:24.501 [main] DEBUG org.springframework.core.io.support.PathMatchingResourcePatternResolver - Looking for matching resources in jar file [file:/C:/Users/Administrator/.m2/repository/com/baomidou/mybatisplus-spring-boot-starter/1.0.4/mybatisplus-spring-boot-starter-1.0.4.jar]
11:03:24.503 [main] DEBUG org.springframework.core.io.support.PathMatchingResourcePatternResolver - Looking for matching resources in jar file [file:/C:/Users/Administrator/.m2/repository/com/baomidou/mybatis-plus/2.1.0/mybatis-plus-2.1.0.jar]
11:03:24.509 [main] DEBUG org.springframework.core.io.support.PathMatchingResourcePatternResolver - Looking for matching resources in jar file [file:/C:/Users/Administrator/.m2/repository/mysql/mysql-connector-java/5.1.38/mysql-connector-java-5.1.38.jar]
11:03:24.513 [main] DEBUG org.springframework.core.io.support.PathMatchingResourcePatternResolver - Looking for matching resources in jar file [file:/C:/Users/Administrator/.m2/repository/com/alibaba/druid/1.0.28/druid-1.0.28.jar]
11:03:24.527 [main] DEBUG org.springframework.core.io.support.PathMatchingResourcePatternResolver - Looking for matching resources in jar file [file:/C:/Users/Administrator/.m2/repository/com/alibaba/fastjson/1.2.41/fastjson-1.2.41.jar]
11:03:24.529 [main] DEBUG org.springframework.core.io.support.PathMatchingResourcePatternResolver - Looking for matching resources in jar file [file:/C:/Users/Administrator/.m2/repository/com/stylefeng/guns-api/1.0.0-SNAPSHOT/guns-api-1.0.0-SNAPSHOT.jar]
11:03:24.530 [main] DEBUG org.springframework.core.io.support.PathMatchingResourcePatternResolver - Looking for matching resources in jar file [file:/C:/Users/Administrator/.m2/repository/org/projectlombok/lombok/1.18.0/lombok-1.18.0.jar]
11:03:24.535 [main] DEBUG org.springframework.core.io.support.PathMatchingResourcePatternResolver - Resolved location pattern [classpath*:com/*.class] to resources []
]]></system-out>
    <system-err><![CDATA[SLF4J: Class path contains multiple SLF4J bindings.
SLF4J: Found binding in [jar:file:/C:/Users/Administrator/.m2/repository/ch/qos/logback/logback-classic/1.1.11/logback-classic-1.1.11.jar!/org/slf4j/impl/StaticLoggerBinder.class]
SLF4J: Found binding in [jar:file:/C:/Users/Administrator/.m2/repository/org/slf4j/slf4j-log4j12/1.7.25/slf4j-log4j12-1.7.25.jar!/org/slf4j/impl/StaticLoggerBinder.class]
SLF4J: See http://www.slf4j.org/codes.html#multiple_bindings for an explanation.
SLF4J: Actual binding is of type [ch.qos.logback.classic.util.ContextSelectorStaticBinder]
]]></system-err>
  </testcase>
</testsuite>